<?xml version="1.0" encoding="UTF-8"?>
<!-- Generated by org.testng.reporters.JUnitXMLReporter -->
<testsuite hostname="LAPTOP-DOAEP2LO" ignored="0" name="Justdial_test" tests="3" failures="0" timestamp="2020-06-21T00:50:33 IST" time="115.255" errors="0">
  <testcase name="carWashTestCase" time="39.561" classname="TestCases.justDialTestCases"/>
  <testcase name="freelistTestCase" time="13.295" classname="TestCases.justDialTestCases"/>
  <testcase name="gymTestCase" time="10.087" classname="TestCases.justDialTestCases"/>
</testsuite> <!-- Justdial_test -->
