<?xml version="1.0" encoding="UTF-8"?>
<testng-results skipped="0" failed="0" ignored="0" total="3" passed="3">
  <reporter-output>
  </reporter-output>
  <suite name="Justdial_suite" duration-ms="115255" started-at="2020-06-21T00:48:38 IST" finished-at="2020-06-21T00:50:33 IST">
    <groups>
    </groups>
    <test name="Justdial_test" duration-ms="115255" started-at="2020-06-21T00:48:38 IST" finished-at="2020-06-21T00:50:33 IST">
      <class name="TestCases.justDialTestCases">
        <test-method status="PASS" signature="loadfiles()[pri:0, instance:TestCases.justDialTestCases@36b4cef0]" name="loadfiles" is-config="true" duration-ms="140" started-at="2020-06-21T00:48:38 IST" finished-at="2020-06-21T00:48:38 IST">
          <reporter-output>
          </reporter-output>
        </test-method> <!-- loadfiles -->
        <test-method status="PASS" signature="launchBrowserUrl(java.lang.String)[pri:0, instance:TestCases.justDialTestCases@36b4cef0]" name="launchBrowserUrl" is-config="true" duration-ms="19526" started-at="2020-06-21T00:48:38 IST" finished-at="2020-06-21T00:48:57 IST">
          <params>
            <param index="0">
              <value>
                <![CDATA[firefox]]>
              </value>
            </param>
          </params>
          <reporter-output>
          </reporter-output>
        </test-method> <!-- launchBrowserUrl -->
        <test-method status="PASS" signature="carWashTestCase()[pri:0, instance:TestCases.justDialTestCases@36b4cef0]" name="carWashTestCase" duration-ms="39561" started-at="2020-06-21T00:48:57 IST" finished-at="2020-06-21T00:49:37 IST">
          <reporter-output>
          </reporter-output>
        </test-method> <!-- carWashTestCase -->
        <test-method status="PASS" signature="closeBrowser()[pri:0, instance:TestCases.justDialTestCases@36b4cef0]" name="closeBrowser" is-config="true" duration-ms="1192" started-at="2020-06-21T00:49:37 IST" finished-at="2020-06-21T00:49:38 IST">
          <reporter-output>
          </reporter-output>
        </test-method> <!-- closeBrowser -->
        <test-method status="PASS" signature="launchBrowserUrl(java.lang.String)[pri:0, instance:TestCases.justDialTestCases@36b4cef0]" name="launchBrowserUrl" is-config="true" duration-ms="13476" started-at="2020-06-21T00:49:38 IST" finished-at="2020-06-21T00:49:52 IST">
          <params>
            <param index="0">
              <value>
                <![CDATA[firefox]]>
              </value>
            </param>
          </params>
          <reporter-output>
          </reporter-output>
        </test-method> <!-- launchBrowserUrl -->
        <test-method status="PASS" signature="freelistTestCase()[pri:1, instance:TestCases.justDialTestCases@36b4cef0]" name="freelistTestCase" duration-ms="13295" started-at="2020-06-21T00:49:52 IST" finished-at="2020-06-21T00:50:05 IST">
          <reporter-output>
          </reporter-output>
        </test-method> <!-- freelistTestCase -->
        <test-method status="PASS" signature="closeBrowser()[pri:0, instance:TestCases.justDialTestCases@36b4cef0]" name="closeBrowser" is-config="true" duration-ms="1270" started-at="2020-06-21T00:50:05 IST" finished-at="2020-06-21T00:50:06 IST">
          <reporter-output>
          </reporter-output>
        </test-method> <!-- closeBrowser -->
        <test-method status="PASS" signature="launchBrowserUrl(java.lang.String)[pri:0, instance:TestCases.justDialTestCases@36b4cef0]" name="launchBrowserUrl" is-config="true" duration-ms="15510" started-at="2020-06-21T00:50:06 IST" finished-at="2020-06-21T00:50:22 IST">
          <params>
            <param index="0">
              <value>
                <![CDATA[firefox]]>
              </value>
            </param>
          </params>
          <reporter-output>
          </reporter-output>
        </test-method> <!-- launchBrowserUrl -->
        <test-method status="PASS" signature="gymTestCase()[pri:2, instance:TestCases.justDialTestCases@36b4cef0]" name="gymTestCase" duration-ms="10087" started-at="2020-06-21T00:50:22 IST" finished-at="2020-06-21T00:50:32 IST">
          <reporter-output>
          </reporter-output>
        </test-method> <!-- gymTestCase -->
        <test-method status="PASS" signature="closeBrowser()[pri:0, instance:TestCases.justDialTestCases@36b4cef0]" name="closeBrowser" is-config="true" duration-ms="1296" started-at="2020-06-21T00:50:32 IST" finished-at="2020-06-21T00:50:33 IST">
          <reporter-output>
          </reporter-output>
        </test-method> <!-- closeBrowser -->
        <test-method status="PASS" signature="flushReport()[pri:0, instance:TestCases.justDialTestCases@36b4cef0]" name="flushReport" is-config="true" duration-ms="258" started-at="2020-06-21T00:50:33 IST" finished-at="2020-06-21T00:50:33 IST">
          <reporter-output>
          </reporter-output>
        </test-method> <!-- flushReport -->
      </class> <!-- TestCases.justDialTestCases -->
    </test> <!-- Justdial_test -->
  </suite> <!-- Justdial_suite -->
</testng-results>
